Determining if the function crc32c_value exists in the crc32c failed with the following output:
Change Dir: /root/leveldb/leveldb/build_dbg/CMakeFiles/CMakeTmp

Run Build Command(s):/usr/bin/make cmTC_9e846/fast && /usr/bin/make -f CMakeFiles/cmTC_9e846.dir/build.make CMakeFiles/cmTC_9e846.dir/build
make[1]: Entering directory '/root/leveldb/leveldb/build_dbg/CMakeFiles/CMakeTmp'
Building C object CMakeFiles/cmTC_9e846.dir/CheckFunctionExists.c.o
/usr/bin/cc   -DCHECK_FUNCTION_EXISTS=crc32c_value   -std=c11 -o CMakeFiles/cmTC_9e846.dir/CheckFunctionExists.c.o   -c /usr/share/cmake-3.16/Modules/CheckFunctionExists.c
Linking C executable cmTC_9e846
/usr/bin/cmake -E cmake_link_script CMakeFiles/cmTC_9e846.dir/link.txt --verbose=1
/usr/bin/cc  -DCHECK_FUNCTION_EXISTS=crc32c_value    CMakeFiles/cmTC_9e846.dir/CheckFunctionExists.c.o  -o cmTC_9e846  -lcrc32c 
/usr/bin/ld: cannot find -lcrc32c
collect2: error: ld returned 1 exit status
make[1]: *** [CMakeFiles/cmTC_9e846.dir/build.make:87: cmTC_9e846] Error 1
make[1]: Leaving directory '/root/leveldb/leveldb/build_dbg/CMakeFiles/CMakeTmp'
make: *** [Makefile:121: cmTC_9e846/fast] Error 2



Determining if the function snappy_compress exists in the snappy failed with the following output:
Change Dir: /root/leveldb/leveldb/build_dbg/CMakeFiles/CMakeTmp

Run Build Command(s):/usr/bin/make cmTC_111a4/fast && /usr/bin/make -f CMakeFiles/cmTC_111a4.dir/build.make CMakeFiles/cmTC_111a4.dir/build
make[1]: Entering directory '/root/leveldb/leveldb/build_dbg/CMakeFiles/CMakeTmp'
Building C object CMakeFiles/cmTC_111a4.dir/CheckFunctionExists.c.o
/usr/bin/cc   -DCHECK_FUNCTION_EXISTS=snappy_compress   -std=c11 -o CMakeFiles/cmTC_111a4.dir/CheckFunctionExists.c.o   -c /usr/share/cmake-3.16/Modules/CheckFunctionExists.c
Linking C executable cmTC_111a4
/usr/bin/cmake -E cmake_link_script CMakeFiles/cmTC_111a4.dir/link.txt --verbose=1
/usr/bin/cc  -DCHECK_FUNCTION_EXISTS=snappy_compress    CMakeFiles/cmTC_111a4.dir/CheckFunctionExists.c.o  -o cmTC_111a4  -lsnappy 
/usr/bin/ld: cannot find -lsnappy
collect2: error: ld returned 1 exit status
make[1]: *** [CMakeFiles/cmTC_111a4.dir/build.make:87: cmTC_111a4] Error 1
make[1]: Leaving directory '/root/leveldb/leveldb/build_dbg/CMakeFiles/CMakeTmp'
make: *** [Makefile:121: cmTC_111a4/fast] Error 2



Determining if the function malloc exists in the tcmalloc failed with the following output:
Change Dir: /root/leveldb/leveldb/build_dbg/CMakeFiles/CMakeTmp

Run Build Command(s):/usr/bin/make cmTC_38155/fast && /usr/bin/make -f CMakeFiles/cmTC_38155.dir/build.make CMakeFiles/cmTC_38155.dir/build
make[1]: Entering directory '/root/leveldb/leveldb/build_dbg/CMakeFiles/CMakeTmp'
Building C object CMakeFiles/cmTC_38155.dir/CheckFunctionExists.c.o
/usr/bin/cc   -DCHECK_FUNCTION_EXISTS=malloc   -std=c11 -o CMakeFiles/cmTC_38155.dir/CheckFunctionExists.c.o   -c /usr/share/cmake-3.16/Modules/CheckFunctionExists.c
<command-line>: warning: conflicting types for built-in function ‘malloc’; expected ‘void *(long unsigned int)’ [-Wbuiltin-declaration-mismatch]
/usr/share/cmake-3.16/Modules/CheckFunctionExists.c:7:3: note: in expansion of macro ‘CHECK_FUNCTION_EXISTS’
    7 |   CHECK_FUNCTION_EXISTS(void);
      |   ^~~~~~~~~~~~~~~~~~~~~
/usr/share/cmake-3.16/Modules/CheckFunctionExists.c:1:1: note: ‘malloc’ is declared in header ‘<stdlib.h>’
  +++ |+#include <stdlib.h>
    1 | #ifdef CHECK_FUNCTION_EXISTS
Linking C executable cmTC_38155
/usr/bin/cmake -E cmake_link_script CMakeFiles/cmTC_38155.dir/link.txt --verbose=1
/usr/bin/cc  -DCHECK_FUNCTION_EXISTS=malloc    CMakeFiles/cmTC_38155.dir/CheckFunctionExists.c.o  -o cmTC_38155  -ltcmalloc 
/usr/bin/ld: cannot find -ltcmalloc
collect2: error: ld returned 1 exit status
make[1]: *** [CMakeFiles/cmTC_38155.dir/build.make:87: cmTC_38155] Error 1
make[1]: Leaving directory '/root/leveldb/leveldb/build_dbg/CMakeFiles/CMakeTmp'
make: *** [Makefile:121: cmTC_38155/fast] Error 2



Determining if the F_FULLFSYNC exist failed with the following output:
Change Dir: /root/leveldb/leveldb/build_dbg/CMakeFiles/CMakeTmp

Run Build Command(s):/usr/bin/make cmTC_afe30/fast && /usr/bin/make -f CMakeFiles/cmTC_afe30.dir/build.make CMakeFiles/cmTC_afe30.dir/build
make[1]: Entering directory '/root/leveldb/leveldb/build_dbg/CMakeFiles/CMakeTmp'
Building CXX object CMakeFiles/cmTC_afe30.dir/CheckSymbolExists.cxx.o
/usr/bin/c++    -std=c++11 -o CMakeFiles/cmTC_afe30.dir/CheckSymbolExists.cxx.o -c /root/leveldb/leveldb/build_dbg/CMakeFiles/CMakeTmp/CheckSymbolExists.cxx
/root/leveldb/leveldb/build_dbg/CMakeFiles/CMakeTmp/CheckSymbolExists.cxx: In function ‘int main(int, char**)’:
/root/leveldb/leveldb/build_dbg/CMakeFiles/CMakeTmp/CheckSymbolExists.cxx:8:19: error: ‘F_FULLFSYNC’ was not declared in this scope
    8 |   return ((int*)(&F_FULLFSYNC))[argc];
      |                   ^~~~~~~~~~~
make[1]: *** [CMakeFiles/cmTC_afe30.dir/build.make:66: CMakeFiles/cmTC_afe30.dir/CheckSymbolExists.cxx.o] Error 1
make[1]: Leaving directory '/root/leveldb/leveldb/build_dbg/CMakeFiles/CMakeTmp'
make: *** [Makefile:121: cmTC_afe30/fast] Error 2


File /root/leveldb/leveldb/build_dbg/CMakeFiles/CMakeTmp/CheckSymbolExists.cxx:
/* */
#include <fcntl.h>

int main(int argc, char** argv)
{
  (void)argv;
#ifndef F_FULLFSYNC
  return ((int*)(&F_FULLFSYNC))[argc];
#else
  (void)argc;
  return 0;
#endif
}
Performing C++ SOURCE FILE Test HAVE_CLANG_THREAD_SAFETY failed with the following output:
Change Dir: /root/leveldb/leveldb/build_dbg/CMakeFiles/CMakeTmp

Run Build Command(s):/usr/bin/make cmTC_f1849/fast && /usr/bin/make -f CMakeFiles/cmTC_f1849.dir/build.make CMakeFiles/cmTC_f1849.dir/build
make[1]: Entering directory '/root/leveldb/leveldb/build_dbg/CMakeFiles/CMakeTmp'
Building CXX object CMakeFiles/cmTC_f1849.dir/src.cxx.o
/usr/bin/c++    -fno-exceptions -fno-rtti -DHAVE_CLANG_THREAD_SAFETY   -Wthread-safety -std=c++11 -o CMakeFiles/cmTC_f1849.dir/src.cxx.o -c /root/leveldb/leveldb/build_dbg/CMakeFiles/CMakeTmp/src.cxx
c++: error: unrecognized command line option '-Wthread-safety'
make[1]: *** [CMakeFiles/cmTC_f1849.dir/build.make:66: CMakeFiles/cmTC_f1849.dir/src.cxx.o] Error 1
make[1]: Leaving directory '/root/leveldb/leveldb/build_dbg/CMakeFiles/CMakeTmp'
make: *** [Makefile:121: cmTC_f1849/fast] Error 2


Source file was:
int main() { return 0; }
Performing C SOURCE FILE Test CMAKE_HAVE_LIBC_PTHREAD failed with the following output:
Change Dir: /root/leveldb/leveldb/build_dbg/CMakeFiles/CMakeTmp

Run Build Command(s):/usr/bin/make cmTC_445bc/fast && /usr/bin/make -f CMakeFiles/cmTC_445bc.dir/build.make CMakeFiles/cmTC_445bc.dir/build
make[1]: Entering directory '/root/leveldb/leveldb/build_dbg/CMakeFiles/CMakeTmp'
Building C object CMakeFiles/cmTC_445bc.dir/src.c.o
/usr/bin/cc   -Wstrict-prototypes -DCMAKE_HAVE_LIBC_PTHREAD   -std=c11 -o CMakeFiles/cmTC_445bc.dir/src.c.o   -c /root/leveldb/leveldb/build_dbg/CMakeFiles/CMakeTmp/src.c
Linking C executable cmTC_445bc
/usr/bin/cmake -E cmake_link_script CMakeFiles/cmTC_445bc.dir/link.txt --verbose=1
/usr/bin/cc  -Wstrict-prototypes -DCMAKE_HAVE_LIBC_PTHREAD    CMakeFiles/cmTC_445bc.dir/src.c.o  -o cmTC_445bc 
/usr/bin/ld: CMakeFiles/cmTC_445bc.dir/src.c.o: in function `main':
src.c:(.text+0x46): undefined reference to `pthread_create'
/usr/bin/ld: src.c:(.text+0x52): undefined reference to `pthread_detach'
/usr/bin/ld: src.c:(.text+0x63): undefined reference to `pthread_join'
collect2: error: ld returned 1 exit status
make[1]: *** [CMakeFiles/cmTC_445bc.dir/build.make:87: cmTC_445bc] Error 1
make[1]: Leaving directory '/root/leveldb/leveldb/build_dbg/CMakeFiles/CMakeTmp'
make: *** [Makefile:121: cmTC_445bc/fast] Error 2


Source file was:
#include <pthread.h>

void* test_func(void* data)
{
  return data;
}

int main(void)
{
  pthread_t thread;
  pthread_create(&thread, NULL, test_func, NULL);
  pthread_detach(thread);
  pthread_join(thread, NULL);
  pthread_atfork(NULL, NULL, NULL);
  pthread_exit(NULL);

  return 0;
}

Determining if the function pthread_create exists in the pthreads failed with the following output:
Change Dir: /root/leveldb/leveldb/build_dbg/CMakeFiles/CMakeTmp

Run Build Command(s):/usr/bin/make cmTC_d60e4/fast && /usr/bin/make -f CMakeFiles/cmTC_d60e4.dir/build.make CMakeFiles/cmTC_d60e4.dir/build
make[1]: Entering directory '/root/leveldb/leveldb/build_dbg/CMakeFiles/CMakeTmp'
Building C object CMakeFiles/cmTC_d60e4.dir/CheckFunctionExists.c.o
/usr/bin/cc   -Wstrict-prototypes -DCHECK_FUNCTION_EXISTS=pthread_create   -std=c11 -o CMakeFiles/cmTC_d60e4.dir/CheckFunctionExists.c.o   -c /usr/share/cmake-3.16/Modules/CheckFunctionExists.c
Linking C executable cmTC_d60e4
/usr/bin/cmake -E cmake_link_script CMakeFiles/cmTC_d60e4.dir/link.txt --verbose=1
/usr/bin/cc  -Wstrict-prototypes -DCHECK_FUNCTION_EXISTS=pthread_create    CMakeFiles/cmTC_d60e4.dir/CheckFunctionExists.c.o  -o cmTC_d60e4  -lpthreads 
/usr/bin/ld: cannot find -lpthreads
collect2: error: ld returned 1 exit status
make[1]: *** [CMakeFiles/cmTC_d60e4.dir/build.make:87: cmTC_d60e4] Error 1
make[1]: Leaving directory '/root/leveldb/leveldb/build_dbg/CMakeFiles/CMakeTmp'
make: *** [Makefile:121: cmTC_d60e4/fast] Error 2



Performing C++ SOURCE FILE Test HAVE_CXX_FLAG_WSHORTEN_64_TO_32 failed with the following output:
Change Dir: /root/leveldb/leveldb/build_dbg/CMakeFiles/CMakeTmp

Run Build Command(s):/usr/bin/make cmTC_65791/fast && /usr/bin/make -f CMakeFiles/cmTC_65791.dir/build.make CMakeFiles/cmTC_65791.dir/build
make[1]: Entering directory '/root/leveldb/leveldb/build_dbg/CMakeFiles/CMakeTmp'
Building CXX object CMakeFiles/cmTC_65791.dir/src.cxx.o
/usr/bin/c++    -fno-exceptions -fno-rtti  -std=c++11  -Wall  -Wextra  -Wshadow  -Wsuggest-override -DHAVE_CXX_FLAG_WSHORTEN_64_TO_32  -Wshorten-64-to-32   -Wshorten-64-to-32 -std=c++11 -o CMakeFiles/cmTC_65791.dir/src.cxx.o -c /root/leveldb/leveldb/build_dbg/CMakeFiles/CMakeTmp/src.cxx
c++: error: unrecognized command line option '-Wshorten-64-to-32'
c++: error: unrecognized command line option '-Wshorten-64-to-32'
make[1]: *** [CMakeFiles/cmTC_65791.dir/build.make:66: CMakeFiles/cmTC_65791.dir/src.cxx.o] Error 1
make[1]: Leaving directory '/root/leveldb/leveldb/build_dbg/CMakeFiles/CMakeTmp'
make: *** [Makefile:121: cmTC_65791/fast] Error 2


Source file was:
int main() { return 0; }
Performing C++ SOURCE FILE Test HAVE_CXX_FLAG_WD654 failed with the following output:
Change Dir: /root/leveldb/leveldb/build_dbg/CMakeFiles/CMakeTmp

Run Build Command(s):/usr/bin/make cmTC_8b7b4/fast && /usr/bin/make -f CMakeFiles/cmTC_8b7b4.dir/build.make CMakeFiles/cmTC_8b7b4.dir/build
make[1]: Entering directory '/root/leveldb/leveldb/build_dbg/CMakeFiles/CMakeTmp'
Building CXX object CMakeFiles/cmTC_8b7b4.dir/src.cxx.o
/usr/bin/c++    -fno-exceptions -fno-rtti  -std=c++11  -Wall  -Wextra  -Wshadow  -Wsuggest-override  -fstrict-aliasing  -Wno-deprecated-declarations  -fno-exceptions  -Wstrict-aliasing -DHAVE_CXX_FLAG_WD654  -wd654   -wd654 -std=c++11 -o CMakeFiles/cmTC_8b7b4.dir/src.cxx.o -c /root/leveldb/leveldb/build_dbg/CMakeFiles/CMakeTmp/src.cxx
c++: error: unrecognized command line option '-wd654'
c++: error: unrecognized command line option '-wd654'
make[1]: *** [CMakeFiles/cmTC_8b7b4.dir/build.make:66: CMakeFiles/cmTC_8b7b4.dir/src.cxx.o] Error 1
make[1]: Leaving directory '/root/leveldb/leveldb/build_dbg/CMakeFiles/CMakeTmp'
make: *** [Makefile:121: cmTC_8b7b4/fast] Error 2


Source file was:
int main() { return 0; }
Performing C++ SOURCE FILE Test HAVE_CXX_FLAG_WTHREAD_SAFETY failed with the following output:
Change Dir: /root/leveldb/leveldb/build_dbg/CMakeFiles/CMakeTmp

Run Build Command(s):/usr/bin/make cmTC_65b13/fast && /usr/bin/make -f CMakeFiles/cmTC_65b13.dir/build.make CMakeFiles/cmTC_65b13.dir/build
make[1]: Entering directory '/root/leveldb/leveldb/build_dbg/CMakeFiles/CMakeTmp'
Building CXX object CMakeFiles/cmTC_65b13.dir/src.cxx.o
/usr/bin/c++    -fno-exceptions -fno-rtti  -std=c++11  -Wall  -Wextra  -Wshadow  -Wsuggest-override  -fstrict-aliasing  -Wno-deprecated-declarations  -fno-exceptions  -Wstrict-aliasing -DHAVE_CXX_FLAG_WTHREAD_SAFETY  -Wthread-safety   -Wthread-safety -std=c++11 -o CMakeFiles/cmTC_65b13.dir/src.cxx.o -c /root/leveldb/leveldb/build_dbg/CMakeFiles/CMakeTmp/src.cxx
c++: error: unrecognized command line option '-Wthread-safety'
c++: error: unrecognized command line option '-Wthread-safety'
make[1]: *** [CMakeFiles/cmTC_65b13.dir/build.make:66: CMakeFiles/cmTC_65b13.dir/src.cxx.o] Error 1
make[1]: Leaving directory '/root/leveldb/leveldb/build_dbg/CMakeFiles/CMakeTmp'
make: *** [Makefile:121: cmTC_65b13/fast] Error 2


Source file was:
int main() { return 0; }
Determining if the function sqlite3_open exists in the sqlite3 failed with the following output:
Change Dir: /root/leveldb/leveldb/build_dbg/CMakeFiles/CMakeTmp

Run Build Command(s):/usr/bin/make cmTC_a2cc0/fast && /usr/bin/make -f CMakeFiles/cmTC_a2cc0.dir/build.make CMakeFiles/cmTC_a2cc0.dir/build
make[1]: Entering directory '/root/leveldb/leveldb/build_dbg/CMakeFiles/CMakeTmp'
Building C object CMakeFiles/cmTC_a2cc0.dir/CheckFunctionExists.c.o
/usr/bin/cc   -Wstrict-prototypes -DCHECK_FUNCTION_EXISTS=sqlite3_open   -std=c11 -o CMakeFiles/cmTC_a2cc0.dir/CheckFunctionExists.c.o   -c /usr/share/cmake-3.16/Modules/CheckFunctionExists.c
Linking C executable cmTC_a2cc0
/usr/bin/cmake -E cmake_link_script CMakeFiles/cmTC_a2cc0.dir/link.txt --verbose=1
/usr/bin/cc  -Wstrict-prototypes -DCHECK_FUNCTION_EXISTS=sqlite3_open    CMakeFiles/cmTC_a2cc0.dir/CheckFunctionExists.c.o  -o cmTC_a2cc0  -lsqlite3 
/usr/bin/ld: cannot find -lsqlite3
collect2: error: ld returned 1 exit status
make[1]: *** [CMakeFiles/cmTC_a2cc0.dir/build.make:87: cmTC_a2cc0] Error 1
make[1]: Leaving directory '/root/leveldb/leveldb/build_dbg/CMakeFiles/CMakeTmp'
make: *** [Makefile:121: cmTC_a2cc0/fast] Error 2



Performing C++ SOURCE FILE Test HAVE_KYOTOCABINET failed with the following output:
Change Dir: /root/leveldb/leveldb/build_dbg/CMakeFiles/CMakeTmp

Run Build Command(s):/usr/bin/make cmTC_d1a0c/fast && /usr/bin/make -f CMakeFiles/cmTC_d1a0c.dir/build.make CMakeFiles/cmTC_d1a0c.dir/build
make[1]: Entering directory '/root/leveldb/leveldb/build_dbg/CMakeFiles/CMakeTmp'
Building CXX object CMakeFiles/cmTC_d1a0c.dir/src.cxx.o
/usr/bin/c++    -fno-exceptions -fno-rtti -DHAVE_KYOTOCABINET   -std=c++11 -o CMakeFiles/cmTC_d1a0c.dir/src.cxx.o -c /root/leveldb/leveldb/build_dbg/CMakeFiles/CMakeTmp/src.cxx
/root/leveldb/leveldb/build_dbg/CMakeFiles/CMakeTmp/src.cxx:2:10: fatal error: kcpolydb.h: No such file or directory
    2 | #include <kcpolydb.h>
      |          ^~~~~~~~~~~~
compilation terminated.
make[1]: *** [CMakeFiles/cmTC_d1a0c.dir/build.make:66: CMakeFiles/cmTC_d1a0c.dir/src.cxx.o] Error 1
make[1]: Leaving directory '/root/leveldb/leveldb/build_dbg/CMakeFiles/CMakeTmp'
make: *** [Makefile:121: cmTC_d1a0c/fast] Error 2


Source file was:

#include <kcpolydb.h>

int main() {
  kyotocabinet::TreeDB* db = new kyotocabinet::TreeDB();
  delete db;
  return 0;
}
  
